<?xml version="1.0" encoding="UTF-8"?>
<coverage generated="1523278465">
  <project timestamp="1523278465">
    <file name="/var/www/html/tests/QuicksortTest.php">
      <class name="QuicksortTest" namespace="global">
        <metrics complexity="6" methods="6" coveredmethods="6" conditionals="0" coveredconditionals="0" statements="40" coveredstatements="40" elements="46" coveredelements="46"/>
      </class>
      <line num="20" type="method" name="testFirst" visibility="public" complexity="1" crap="1" count="1"/>
      <line num="22" type="stmt" count="1"/>
      <line num="23" type="stmt" count="1"/>
      <line num="24" type="stmt" count="1"/>
      <line num="25" type="stmt" count="1"/>
      <line num="26" type="stmt" count="1"/>
      <line num="27" type="stmt" count="1"/>
      <line num="32" type="method" name="testSameVal" visibility="public" complexity="1" crap="1" count="1"/>
      <line num="34" type="stmt" count="1"/>
      <line num="35" type="stmt" count="1"/>
      <line num="36" type="stmt" count="1"/>
      <line num="37" type="stmt" count="1"/>
      <line num="38" type="stmt" count="1"/>
      <line num="43" type="method" name="testArray" visibility="public" complexity="1" crap="1" count="1"/>
      <line num="45" type="stmt" count="1"/>
      <line num="46" type="stmt" count="1"/>
      <line num="47" type="stmt" count="1"/>
      <line num="48" type="stmt" count="1"/>
      <line num="49" type="stmt" count="1"/>
      <line num="50" type="stmt" count="1"/>
      <line num="53" type="stmt" count="1"/>
      <line num="58" type="method" name="testArrayForString" visibility="public" complexity="1" crap="1" count="1"/>
      <line num="60" type="stmt" count="1"/>
      <line num="61" type="stmt" count="1"/>
      <line num="62" type="stmt" count="1"/>
      <line num="63" type="stmt" count="1"/>
      <line num="64" type="stmt" count="1"/>
      <line num="65" type="stmt" count="1"/>
      <line num="66" type="stmt" count="1"/>
      <line num="71" type="method" name="testTypeCheck" visibility="public" complexity="1" crap="1" count="1"/>
      <line num="73" type="stmt" count="1"/>
      <line num="74" type="stmt" count="1"/>
      <line num="75" type="stmt" count="1"/>
      <line num="76" type="stmt" count="1"/>
      <line num="77" type="stmt" count="1"/>
      <line num="78" type="stmt" count="1"/>
      <line num="79" type="stmt" count="1"/>
      <line num="84" type="method" name="testNull" visibility="public" complexity="1" crap="1" count="1"/>
      <line num="86" type="stmt" count="1"/>
      <line num="87" type="stmt" count="1"/>
      <line num="88" type="stmt" count="1"/>
      <line num="89" type="stmt" count="1"/>
      <line num="90" type="stmt" count="1"/>
      <line num="91" type="stmt" count="1"/>
      <line num="92" type="stmt" count="1"/>
      <line num="93" type="stmt" count="1"/>
      <metrics loc="95" ncloc="68" classes="1" methods="6" coveredmethods="6" conditionals="0" coveredconditionals="0" statements="40" coveredstatements="40" elements="46" coveredelements="46"/>
    </file>
    <metrics files="1" loc="95" ncloc="68" classes="1" methods="6" coveredmethods="6" conditionals="0" coveredconditionals="0" statements="40" coveredstatements="40" elements="46" coveredelements="46"/>
  </project>
</coverage>
